name: stdClass::__set_state(array(
   'type' => 'connectinfo',
   'usertok' => '0521a87380bdae6d22736ea1c1bf797a',
   '_token' => 'QhMzMNxsvHoS9y3LKgFs1vyqxXBt9DQKWh7nqlWs',
   '_xsrf' => 'XSRF-TOKEN=eyJpdiI6InZGSW16aGZ6TTFhZURWMnJ5R3RzVGc9PSIsInZhbHVlIjoiVDlIODhqY0d2K0ZZdERmTXN6VmgwZlBRRk1CYUlsT0orTkdDS2cwYjlzbmRwMlNTQmlzY21ra29Jbk4yb2hBMiIsIm1hYyI6Ijk1MGRjMTNjYTM2NTdlZjI3YjIzZDZiY2Q4MmY0ZDdhMDNjMjliOGNiZDEyZTYyZTRhNzg3ZjI2MjZiMDA0NDkifQ%3D%3D; laravel_session=eyJpdiI6ImpOUkMzQUViYXpXTDBOMWY2MldFRXc9PSIsInZhbHVlIjoia3lDQWY2K3oxalwvVk5kK1wvUEVGZWRjSnc4SjZUZjR4S093WEtkOVN0MG9NajdxOURISndmN203ZFREVlB4WHpqIiwibWFjIjoiOGIxMGQ5ZjczNjlhOWU4NjliMDljZDEyYmMzYjdmMTFmMTYzNTc3ZDY1MzIyMGU0ZDRlNGZiYWU3Njg2NjY5MyJ9',
   'user_id' => '2',
   'user_name' => 'user1',
))

name: stdClass::__set_state(array(
   'type' => 'op_msg',
   'cmd' => 'create',
   'message' => '"Абракадабра"',
))

name: stdClass::__set_state(array(
   'type' => 'op_msg',
   'cmd' => 'edit',
   'message_id' => 6,
   'message' => '"Абракадабра 2.0"',
))

name: stdClass::__set_state(array(
   'type' => 'msg',
   'cmd' => 'delete',
   'message_id' => 6,
))

